[debug] [2025-07-24T16:38:54.433Z] ----------------------------------------------------------------------
[debug] [2025-07-24T16:38:54.436Z] Command:       /usr/local/bin/firebase /home/daniel/.cache/firebase/tools/lib/node_modules/firebase-tools/lib/bin/firebase deploy
[debug] [2025-07-24T16:38:54.436Z] CLI Version:   14.11.1
[debug] [2025-07-24T16:38:54.436Z] Platform:      linux
[debug] [2025-07-24T16:38:54.436Z] Node Version:  v20.18.2
[debug] [2025-07-24T16:38:54.436Z] Time:          Thu Jul 24 2025 11:38:54 GMT-0500 (Central Daylight Time)
[debug] [2025-07-24T16:38:54.437Z] ----------------------------------------------------------------------
[debug] 
[debug] [2025-07-24T16:38:54.740Z] > command requires scopes: ["email","openid","https://www.googleapis.com/auth/cloudplatformprojects.readonly","https://www.googleapis.com/auth/firebase","https://www.googleapis.com/auth/cloud-platform"]
[debug] [2025-07-24T16:38:54.741Z] > authorizing via signed-in user (whiteandyellowandgreens@proton.me)
[debug] [2025-07-24T16:38:54.741Z] [iam] checking project syvaai-website for permissions ["firebase.projects.get","firebasehosting.sites.update"]
[debug] [2025-07-24T16:38:54.742Z] Checked if tokens are valid: false, expires at: 1753340261421
[debug] [2025-07-24T16:38:54.743Z] Checked if tokens are valid: false, expires at: 1753340261421
[debug] [2025-07-24T16:38:54.743Z] > refreshing access token with scopes: []
[debug] [2025-07-24T16:38:54.746Z] >>> [apiv2][query] POST https://www.googleapis.com/oauth2/v3/token [none]
[debug] [2025-07-24T16:38:54.746Z] >>> [apiv2][body] POST https://www.googleapis.com/oauth2/v3/token [omitted]
[debug] [2025-07-24T16:39:14.847Z] *** [apiv2] error from fetch(https://www.googleapis.com/oauth2/v3/token, {"headers":{},"method":"POST","body":{"_overheadLength":545,"_valueLength":212,"_valuesToMeasure":[],"writable":false,"readable":true,"dataSize":0,"maxDataSize":2097152,"pauseStreams":true,"_released":true,"_streams":[],"_currentStream":null,"_insideLoop":false,"_pendingNext":false,"_boundary":"--------------------------3fa8ba76033daaaea29a2bab","_events":{},"_eventsCount":1}}): FetchError: request to https://www.googleapis.com/oauth2/v3/token failed, reason: getaddrinfo ENOTFOUND www.googleapis.com
[error] Authentication Error: Your credentials are no longer valid. Please run firebase login --reauth

For CI servers and headless environments, generate a new token with firebase login:ci
[debug] [2025-07-24T16:39:14.850Z] [iam] error while checking permissions, command may fail: Authentication Error: Your credentials are no longer valid. Please run firebase login --reauth

For CI servers and headless environments, generate a new token with firebase login:ci
[debug] [2025-07-24T16:39:14.851Z] Checked if tokens are valid: false, expires at: 1753340261421
[debug] [2025-07-24T16:39:14.852Z] Checked if tokens are valid: false, expires at: 1753340261421
[debug] [2025-07-24T16:39:14.852Z] > refreshing access token with scopes: []
[debug] [2025-07-24T16:39:14.853Z] >>> [apiv2][query] POST https://www.googleapis.com/oauth2/v3/token [none]
[debug] [2025-07-24T16:39:14.853Z] >>> [apiv2][body] POST https://www.googleapis.com/oauth2/v3/token [omitted]
[debug] [2025-07-24T16:39:34.874Z] *** [apiv2] error from fetch(https://www.googleapis.com/oauth2/v3/token, {"headers":{},"method":"POST","body":{"_overheadLength":545,"_valueLength":212,"_valuesToMeasure":[],"writable":false,"readable":true,"dataSize":0,"maxDataSize":2097152,"pauseStreams":true,"_released":true,"_streams":[],"_currentStream":null,"_insideLoop":false,"_pendingNext":false,"_boundary":"--------------------------36311830c76e298bd6af7764","_events":{},"_eventsCount":1}}): FetchError: request to https://www.googleapis.com/oauth2/v3/token failed, reason: getaddrinfo ENOTFOUND www.googleapis.com
[error] Authentication Error: Your credentials are no longer valid. Please run firebase login --reauth

For CI servers and headless environments, generate a new token with firebase login:ci
[debug] [2025-07-24T16:39:34.876Z] Authentication Error: Your credentials are no longer valid. Please run firebase login --reauth

For CI servers and headless environments, generate a new token with firebase login:ci
[error] 
[error] Error: Assertion failed: resolving hosting target of a site with no site name or target name. This should have caused an error earlier
